[debug] [2026-03-20T18:13:50.488Z] ----------------------------------------------------------------------
[debug] [2026-03-20T18:13:50.490Z] Command:       C:\Program Files\nodejs\node.exe C:\Users\tripa\AppData\Roaming\npm\node_modules\firebase-tools\lib\bin\firebase.js init hosting
[debug] [2026-03-20T18:13:50.490Z] CLI Version:   14.25.0
[debug] [2026-03-20T18:13:50.490Z] Platform:      win32
[debug] [2026-03-20T18:13:50.490Z] Node Version:  v24.11.0
[debug] [2026-03-20T18:13:50.490Z] Time:          Fri Mar 20 2026 23:43:50 GMT+0530 (India Standard Time)
[debug] [2026-03-20T18:13:50.490Z] ----------------------------------------------------------------------
[debug] 
[info] 
     ######## #### ########  ######## ########     ###     ######  ########
     ##        ##  ##     ## ##       ##     ##  ##   ##  ##       ##
     ######    ##  ########  ######   ########  #########  ######  ######
     ##        ##  ##    ##  ##       ##     ## ##     ##       ## ##
     ##       #### ##     ## ######## ########  ##     ##  ######  ########

You're about to initialize a Firebase project in this directory:

  C:\Users\tripa\Documents\My Portfolio

[info] 
=== Project Setup
[info] 
[info] First, let's associate this project directory with a Firebase project.
[info] You can create multiple project aliases by running firebase use --add, 
[info] 
[debug] [2026-03-20T18:13:53.736Z] > command requires scopes: ["email","openid","https://www.googleapis.com/auth/cloudplatformprojects.readonly","https://www.googleapis.com/auth/firebase","https://www.googleapis.com/auth/cloud-platform"]
[debug] [2026-03-20T18:13:53.736Z] > authorizing via signed-in user (tripathianshul916@gmail.com)
[debug] [2026-03-20T18:13:53.737Z] Checked if tokens are valid: true, expires at: 1774033320583
[debug] [2026-03-20T18:13:53.737Z] Checked if tokens are valid: true, expires at: 1774033320583
[debug] [2026-03-20T18:13:53.737Z] >>> [apiv2][query] GET https://firebase.googleapis.com/v1beta1/projects/portfolio-cf13a [none]
[debug] [2026-03-20T18:13:54.588Z] <<< [apiv2][status] GET https://firebase.googleapis.com/v1beta1/projects/portfolio-cf13a 200
[debug] [2026-03-20T18:13:54.588Z] <<< [apiv2][body] GET https://firebase.googleapis.com/v1beta1/projects/portfolio-cf13a {"projectId":"portfolio-cf13a","projectNumber":"345566825102","displayName":"Portfolio","name":"projects/portfolio-cf13a","resources":{"hostingSite":"portfolio-cf13a"},"state":"ACTIVE","etag":"1_b472e791-1d49-4122-91c7-77ecafd525bd"}
[info] i  Using project portfolio-cf13a (Portfolio) . 
[info] 
=== Hosting Setup
[debug] [2026-03-20T18:13:54.604Z] Checked if tokens are valid: true, expires at: 1774033320583
[debug] [2026-03-20T18:13:54.604Z] Checked if tokens are valid: true, expires at: 1774033320583
[debug] [2026-03-20T18:13:54.604Z] >>> [apiv2][query] GET https://firebase.googleapis.com/v1beta1/projects/portfolio-cf13a [none]
[debug] [2026-03-20T18:13:55.508Z] <<< [apiv2][status] GET https://firebase.googleapis.com/v1beta1/projects/portfolio-cf13a 200
[debug] [2026-03-20T18:13:55.508Z] <<< [apiv2][body] GET https://firebase.googleapis.com/v1beta1/projects/portfolio-cf13a {"projectId":"portfolio-cf13a","projectNumber":"345566825102","displayName":"Portfolio","name":"projects/portfolio-cf13a","resources":{"hostingSite":"portfolio-cf13a"},"state":"ACTIVE","etag":"1_b472e791-1d49-4122-91c7-77ecafd525bd"}
[info] 
[info] Your public directory is the folder (relative to your project directory) that
[info] will contain Hosting assets to be uploaded with firebase deploy. If you
[info] have a build process for your assets, use your build's output directory.
[info] 
[info] 
[info] i  Detected a .git folder at C:\Users\tripa\Documents\My Portfolio 
[info] i  Authorizing with GitHub to upload your service account to a GitHub repository's secrets store. 
[info] 
[info] Visit this URL on this device to log in:
[info] https://github.com/login/oauth/authorize?client_id=89cf50f02ac6aaed3484&state=371969444&redirect_uri=http%3A%2F%2Flocalhost%3A9005&scope=read%3Auser%20repo%20public_repo
[info] 
[info] Waiting for authentication...
